2018-05-03 20:47:17,284 - INFO - None
2018-05-03 20:49:16,098 - INFO - odict_values(['380946', 'АТ "БАНК АВАНГАРД" '])
2018-05-03 20:49:59,439 - INFO - odict_values(['300023', 'ПАТ "УКРСОЦБАНК" '])
2018-05-03 20:52:43,274 - INFO - ПАТ "УКРСОЦБАНК" 
2018-05-03 20:52:43,275 - INFO - ПАТ "БАНК АЛЬЯНС" 
2018-05-03 20:52:43,277 - INFO - АТ "Райффайзен Банк Аваль" 
2018-05-03 20:52:43,278 - INFO - ПАТ "АЛЬФА-БАНК" 
2018-05-03 20:52:43,280 - INFO - АТ "Ощадбанк" 
2018-05-03 20:52:43,281 - INFO - ПАТ "ПЕРШИЙ ІНВЕСТИЦІЙНИЙ БАНК" 
2018-05-03 20:52:43,282 - INFO - АТ "ОТП БАНК" 
2018-05-03 20:52:43,284 - INFO - ПАT "ІНГ Банк Україна" 
2018-05-03 20:52:43,285 - INFO - ПАТ "СІТІБАНК" 
2018-05-03 20:52:43,287 - INFO - ПАТ "КРЕДІ АГРІКОЛЬ БАНК" 
2018-05-03 20:52:43,288 - INFO - АБ "КЛІРИНГОВИЙ ДІМ" 
2018-05-03 20:52:43,289 - INFO - АТ "ПІРЕУС БАНК МКБ" 
2018-05-03 20:52:43,291 - INFO - ПАТ КБ "ПРИВАТБАНК" 
2018-05-03 20:52:43,292 - INFO - ПАТ "БАНК КРЕДИТ ДНІПРО" 
2018-05-03 20:52:43,293 - INFO - ПАТ "КБ "ЗЕМЕЛЬНИЙ КАПІТАЛ" 
2018-05-03 20:52:43,295 - INFO - ПАТ "АБ "РАДАБАНК" 
2018-05-03 20:52:43,296 - INFO - ПАТ "БАНК ВОСТОК" 
2018-05-03 20:52:43,297 - INFO - ПАТ "АКБ "КОНКОРД" 
2018-05-03 20:52:43,299 - INFO - ПАТ "А - БАНК" 
2018-05-03 20:52:43,300 - INFO - ПАТ "КОМІНВЕСТБАНК" 
2018-05-03 20:52:43,301 - INFO - ПАТ "МОТОР-БАНК" 
2018-05-03 20:52:43,303 - INFO - АТ "МетаБанк" 
2018-05-03 20:52:43,304 - INFO - АКБ "ІНДУСТРІАЛБАНК" 
2018-05-03 20:52:43,305 - INFO - ПАТ "БАНК "УКРАЇНСЬКИЙ КАПІТАЛ" 
2018-05-03 20:52:43,307 - INFO - АБ "УКРГАЗБАНК" 
2018-05-03 20:52:43,308 - INFO - ПАТ "СБЕРБАНК" 
2018-05-03 20:52:43,309 - INFO - АТ "АЛЬТБАНК" 
2018-05-03 20:52:43,311 - INFO - АТ "ПРОКРЕДИТ БАНК" 
2018-05-03 20:52:43,312 - INFO - ПАТ "БТА БАНК" 
2018-05-03 20:52:43,314 - INFO - ПАТ "ВТБ БАНК" 
2018-05-03 20:52:43,315 - INFO - ПАТ "УНІВЕРСАЛ БАНК" 
2018-05-03 20:52:43,317 - INFO - ПАТ "Айбокс Банк" 
2018-05-03 20:52:43,318 - INFO - АТ "Укрексімбанк" 
2018-05-03 20:52:43,320 - INFO - ПАТ АКБ "АРКАДА" 
2018-05-03 20:52:43,321 - INFO - ПАТ "ЮНЕКС БАНК" 
2018-05-03 20:52:43,322 - INFO - АТ "КІБ" 
2018-05-03 20:52:43,324 - INFO - ПАТ "ВіЕс Банк" 
2018-05-03 20:52:43,325 - INFO - ПАТ АКБ "Львів" 
2018-05-03 20:52:43,326 - INFO - ПАТ "КРЕДОБАНК" 
2018-05-03 20:52:43,328 - INFO - ПАТ "ОКСІ БАНК" 
2018-05-03 20:52:43,329 - INFO - ПАТ "МТБ БАНК" 
2018-05-03 20:52:43,331 - INFO - Акціонерний банк "Південний" 
2018-05-03 20:52:43,332 - INFO - АТ "Місто Банк" 
2018-05-03 20:52:43,333 - INFO - ПАТ "Полтава-банк" 
2018-05-03 20:52:43,334 - INFO - ПАТ "БАНК ФАМІЛЬНИЙ" 
2018-05-03 20:52:43,336 - INFO - ПАТ "ПУМБ" 
2018-05-03 20:52:43,337 - INFO - ПАТ "Ідея Банк" 
2018-05-03 20:52:43,339 - INFO - ПАТ "БАНК "ПОРТАЛ" 
2018-05-03 20:52:43,340 - INFO - ПАТ "КРИСТАЛБАНК" 
2018-05-03 20:52:43,341 - INFO - ПАТ "РВС БАНК" 
2018-05-03 20:52:43,342 - INFO - АТ "ТАСКОМБАНК" 
2018-05-03 20:52:43,344 - INFO - ПАТ "РОЗРАХУНКОВИЙ ЦЕНТР" 
2018-05-03 20:52:43,345 - INFO - АТ "УкрСиббанк" 
2018-05-03 20:52:43,346 - INFO - ПАТ "СКАЙ БАНК" 
2018-05-03 20:52:43,348 - INFO - ПАТ "БАНК "ГРАНТ" 
2018-05-03 20:52:43,349 - INFO - ПАТ "МЕГАБАНК" 
2018-05-03 20:52:43,350 - INFO - Полікомбанк 
2018-05-03 20:52:43,352 - INFO - ПАТ "АСВІО БАНК" 
2018-05-03 20:52:43,353 - INFO - ПАТ "ЄВРОПРОМБАНК" 
2018-05-03 20:52:43,355 - INFO - ПАТ "АКБ "Траст-капітал" 
2018-05-03 20:52:43,356 - INFO - ПАТ "БАНК ІНВЕСТИЦІЙ ТА ЗАОЩАДЖЕНЬ" 
2018-05-03 20:52:43,357 - INFO - ПАТ "КРЕДИТ ЄВРОПА БАНК" 
2018-05-03 20:52:43,358 - INFO - АТ "УКРБУДІНВЕСТБАНК" 
2018-05-03 20:52:43,360 - INFO - ПАТ "БАНК ФОРВАРД" 
2018-05-03 20:52:43,361 - INFO - ПАТ "КРЕДИТВЕСТ БАНК" 
2018-05-03 20:52:43,362 - INFO - ПАТ "КБ "ГЛОБУС" 
2018-05-03 20:52:43,364 - INFO - ПАТ "АП БАНК" 
2018-05-03 20:52:43,365 - INFO - ПАТ "МІБ" 
2018-05-03 20:52:43,366 - INFO - ПуАТ "КБ "АКОРДБАНК" 
2018-05-03 20:52:43,368 - INFO - ПАТ "БАНК 3/4" 
2018-05-03 20:52:43,369 - INFO - ПАТ "ВЕРНУМ БАНК" 
2018-05-03 20:52:43,370 - INFO - ПАТ "Дойче Банк ДБУ" 
2018-05-03 20:52:43,372 - INFO - ПАТ КБ "Центр" 
2018-05-03 20:52:43,373 - INFO - ПАТ "СЕБ КОРПОРАТИВНИЙ БАНК" 
2018-05-03 20:52:43,374 - INFO - ПАТ "БАНК СІЧ" 
2018-05-03 20:52:43,376 - INFO - ПАТ "ДІВІ БАНК" 
2018-05-03 20:52:43,377 - INFO - АТ "ПРАВЕКС БАНК" 
2018-05-03 20:52:43,378 - INFO - АТ (публ.) "Український банк реконструкції та розвитку" 
2018-05-03 20:52:43,380 - INFO - АТ "АЛЬПАРІ БАНК" 
2018-05-03 20:52:43,381 - INFO - АТ "БМ БАНК" 
2018-05-03 20:52:43,382 - INFO - АТ "БАНК АВАНГАРД" 
